<?xml version="1.0" encoding="UTF-8"?>
<!-- Generated by org.testng.reporters.JUnitXMLReporter -->
<testsuite hostname="edu10-PC" ignored="1" name="groupsTest" tests="2" failures="0" timestamp="22 Jun 2018 10:15:48 GMT" time="0.126" errors="0">
  <testcase name="f" time="0.015" classname="testng.NewTest"/>
  <testcase name="g" time="0.0" classname="testng.NewTest"/>
  <testcase name="h" time="0.0" classname="testng.NewTest">
    <ignored/>
  </testcase> <!-- h -->
</testsuite> <!-- groupsTest -->
