<?xml version="1.0" encoding="UTF-8"?>
<testng-results skipped="0" failed="0" ignored="1" total="3" passed="2">
  <reporter-output>
  </reporter-output>
  <suite name="Suite" duration-ms="126" started-at="2018-06-22T10:15:48Z" finished-at="2018-06-22T10:15:48Z">
    <groups>
      <group name="flavour">
        <method signature="NewTest.f()[pri:0, instance:testng.NewTest@1fa1d9b]" name="f" class="testng.NewTest"/>
        <method signature="NewTest.g()[pri:0, instance:testng.NewTest@1fa1d9b]" name="g" class="testng.NewTest"/>
      </group> <!-- flavour -->
    </groups>
    <test name="groupsTest" duration-ms="126" started-at="2018-06-22T10:15:48Z" finished-at="2018-06-22T10:15:48Z">
      <class name="testng.NewTest">
        <test-method status="PASS" signature="f()[pri:0, instance:testng.NewTest@1fa1d9b]" name="f" duration-ms="15" started-at="2018-06-22T10:15:48Z" finished-at="2018-06-22T10:15:48Z">
          <reporter-output>
          </reporter-output>
        </test-method> <!-- f -->
        <test-method status="PASS" signature="g()[pri:0, instance:testng.NewTest@1fa1d9b]" name="g" duration-ms="0" started-at="2018-06-22T10:15:48Z" finished-at="2018-06-22T10:15:48Z">
          <reporter-output>
          </reporter-output>
        </test-method> <!-- g -->
      </class> <!-- testng.NewTest -->
    </test> <!-- groupsTest -->
  </suite> <!-- Suite -->
</testng-results>
