<?xml version="1.0" encoding="UTF-8"?>
<!-- Generated by org.testng.reporters.JUnitXMLReporter -->
<testsuite hostname="edu10-PC" ignored="0" name="suiteTest" tests="2" failures="1" timestamp="21 Jun 2018 10:08:39 GMT" time="28.85" errors="0">
  <testcase name="f" time="4.604" classname="login_module.loginTest"/>
  <testcase name="f" time="0.004" classname="hospitsl_buildings.Hospital_buildingTest">
    <failure type="java.lang.NullPointerException">
      <![CDATA[java.lang.NullPointerException
at hospitsl_buildings.Hospital_buildingTest.f(Hospital_buildingTest.java:15)
... Removed 25 stack frames]]>
    </failure>
  </testcase> <!-- f -->
</testsuite> <!-- suiteTest -->
